<?xml version="1.0" encoding="UTF-8"?>
<!-- Generated by org.testng.reporters.JUnitXMLReporter -->
<testsuite ignored="1" hostname="UADULLAPF17U615" failures="0" tests="3" name="Default test" time="76.327" errors="0" timestamp="2020-03-15T09:05:11 IST">
  <testcase classname="tests.BaseTest" name="launchURL" time="69.187"/>
  <testcase classname="tests.BaseTest" name="login" time="7.044"/>
  <testcase classname="tests.BaseTest" name="validateHomePageTitle" time="0.017"/>
  <testcase classname="tests.BaseTest" name="loginUsers" time="0.0">
    <ignored/>
  </testcase> <!-- loginUsers -->
</testsuite> <!-- Default test -->
