<?xml version="1.0" encoding="UTF-8"?>
<!-- Generated by org.testng.reporters.JUnitXMLReporter -->
<testsuite ignored="0" hostname="UADULLAPF17U615" failures="0" tests="3" name="Default test" time="27.179" errors="0" timestamp="2020-03-10T00:15:23 IST">
  <testcase classname="Framework.MavenProject.BaseTest" name="launchURL" time="21.66"/>
  <testcase classname="Framework.MavenProject.BaseTest" name="login" time="5.455"/>
  <testcase classname="Framework.MavenProject.BaseTest" name="validateHomePageTitle" time="0.007"/>
</testsuite> <!-- Default test -->
