<?xml version="1.0" encoding="UTF-8"?>
<!-- Generated by org.testng.reporters.JUnitXMLReporter -->
<testsuite ignored="1" hostname="UADULLAPF17U615" failures="1" tests="3" name="test" time="16.415" errors="0" timestamp="2020-03-13T23:33:46 IST">
  <testcase classname="tests.BaseTest" name="launchURL" time="10.373"/>
  <testcase classname="tests.BaseTest" name="login" time="5.812"/>
  <testcase classname="tests.BaseTest" name="validateHomePageTitle" time="0.009">
    <failure type="java.lang.AssertionError" message="HomePage Title doesn&amp;apos;t match expected [1Guru99 Bank Manager HomePage] but found [Guru99 Bank Manager HomePage]">
      <![CDATA[java.lang.AssertionError: HomePage Title doesn't match expected [1Guru99 Bank Manager HomePage] but found [Guru99 Bank Manager HomePage]
at tests.BaseTest.validateHomePageTitle(BaseTest.java:75)
at java.base/java.util.ArrayList.forEach(ArrayList.java:1507)
... Removed 31 stack frames]]>
    </failure>
  </testcase> <!-- validateHomePageTitle -->
  <testcase classname="tests.BaseTest" name="loginUsers" time="0.0">
    <ignored/>
  </testcase> <!-- loginUsers -->
</testsuite> <!-- test -->
