<?xml version="1.0" encoding="UTF-8"?>
<!-- Generated by org.testng.reporters.JUnitXMLReporter -->
<testsuite ignored="0" hostname="UADULLAPF17U615" failures="0" tests="3" name="test" time="21.605" errors="0" timestamp="2020-03-09T21:55:56 IST">
  <testcase classname="Framework.MavenProject.BaseTest" name="launchURL" time="15.014"/>
  <testcase classname="Framework.MavenProject.BaseTest" name="login" time="6.541"/>
  <testcase classname="Framework.MavenProject.BaseTest" name="validateHomePageTitle" time="0.01"/>
</testsuite> <!-- test -->
