<?xml version="1.0" encoding="UTF-8"?>
<!-- Generated by org.testng.reporters.JUnitXMLReporter -->
<testsuite ignored="0" hostname="UADULLAPF17U615" failures="0" tests="3" name="test" time="24.772" errors="0" timestamp="2020-03-09T22:39:48 IST">
  <testcase classname="Framework.MavenProject.BaseTest" name="launchURL" time="14.229"/>
  <testcase classname="Framework.MavenProject.BaseTest" name="login" time="10.502"/>
  <testcase classname="Framework.MavenProject.BaseTest" name="validateHomePageTitle" time="0.005"/>
</testsuite> <!-- test -->
