<?xml version="1.0" encoding="UTF-8"?>
<testng-results ignored="0" total="3" passed="3" failed="0" skipped="0">
  <reporter-output>
  </reporter-output>
  <suite started-at="2020-03-09T22:39:23 IST" name="Suite" finished-at="2020-03-09T22:39:48 IST" duration-ms="24772">
    <groups>
    </groups>
    <test started-at="2020-03-09T22:39:23 IST" name="test" finished-at="2020-03-09T22:39:48 IST" duration-ms="24772">
      <class name="Framework.MavenProject.BaseTest">
        <test-method is-config="true" signature="initializeResource()[pri:0, instance:Framework.MavenProject.BaseTest@3bbc39f8]" started-at="2020-03-09T22:39:18 IST" name="initializeResource" finished-at="2020-03-09T22:39:23 IST" duration-ms="4697" status="PASS">
          <reporter-output>
          </reporter-output>
        </test-method> <!-- initializeResource -->
        <test-method signature="launchURL()[pri:0, instance:Framework.MavenProject.BaseTest@3bbc39f8]" started-at="2020-03-09T22:39:23 IST" name="launchURL" finished-at="2020-03-09T22:39:37 IST" duration-ms="14229" status="PASS">
          <reporter-output>
          </reporter-output>
        </test-method> <!-- launchURL -->
        <test-method signature="login()[pri:0, instance:Framework.MavenProject.BaseTest@3bbc39f8]" started-at="2020-03-09T22:39:37 IST" name="login" finished-at="2020-03-09T22:39:48 IST" depends-on-methods="Framework.MavenProject.BaseTest.launchURL" duration-ms="10502" status="PASS">
          <reporter-output>
          </reporter-output>
        </test-method> <!-- login -->
        <test-method signature="validateHomePageTitle()[pri:0, instance:Framework.MavenProject.BaseTest@3bbc39f8]" started-at="2020-03-09T22:39:48 IST" name="validateHomePageTitle" finished-at="2020-03-09T22:39:48 IST" depends-on-methods="Framework.MavenProject.BaseTest.login" duration-ms="5" status="PASS">
          <reporter-output>
          </reporter-output>
        </test-method> <!-- validateHomePageTitle -->
        <test-method is-config="true" signature="closeConnections()[pri:0, instance:Framework.MavenProject.BaseTest@3bbc39f8]" started-at="2020-03-09T22:39:48 IST" name="closeConnections" finished-at="2020-03-09T22:39:49 IST" duration-ms="1659" status="PASS">
          <reporter-output>
          </reporter-output>
        </test-method> <!-- closeConnections -->
      </class> <!-- Framework.MavenProject.BaseTest -->
    </test> <!-- test -->
  </suite> <!-- Suite -->
</testng-results>
