<?xml version="1.0" encoding="UTF-8"?>
<testng-results ignored="0" total="3" passed="3" failed="0" skipped="0">
  <reporter-output>
  </reporter-output>
  <suite started-at="2020-03-09T21:55:34 IST" name="Suite" finished-at="2020-03-09T21:55:56 IST" duration-ms="21605">
    <groups>
    </groups>
    <test started-at="2020-03-09T21:55:34 IST" name="test" finished-at="2020-03-09T21:55:56 IST" duration-ms="21605">
      <class name="Framework.MavenProject.BaseTest">
        <test-method is-config="true" signature="initializeResource()[pri:0, instance:Framework.MavenProject.BaseTest@3bbc39f8]" started-at="2020-03-09T21:55:30 IST" name="initializeResource" finished-at="2020-03-09T21:55:34 IST" duration-ms="4699" status="PASS">
          <reporter-output>
          </reporter-output>
        </test-method> <!-- initializeResource -->
        <test-method signature="launchURL()[pri:0, instance:Framework.MavenProject.BaseTest@3bbc39f8]" started-at="2020-03-09T21:55:34 IST" name="launchURL" finished-at="2020-03-09T21:55:49 IST" duration-ms="15014" status="PASS">
          <reporter-output>
          </reporter-output>
        </test-method> <!-- launchURL -->
        <test-method signature="login()[pri:0, instance:Framework.MavenProject.BaseTest@3bbc39f8]" started-at="2020-03-09T21:55:49 IST" name="login" finished-at="2020-03-09T21:55:56 IST" depends-on-methods="Framework.MavenProject.BaseTest.launchURL" duration-ms="6541" status="PASS">
          <reporter-output>
          </reporter-output>
        </test-method> <!-- login -->
        <test-method signature="validateHomePageTitle()[pri:0, instance:Framework.MavenProject.BaseTest@3bbc39f8]" started-at="2020-03-09T21:55:56 IST" name="validateHomePageTitle" finished-at="2020-03-09T21:55:56 IST" depends-on-methods="Framework.MavenProject.BaseTest.login" duration-ms="10" status="PASS">
          <reporter-output>
          </reporter-output>
        </test-method> <!-- validateHomePageTitle -->
        <test-method is-config="true" signature="closeConnections()[pri:0, instance:Framework.MavenProject.BaseTest@3bbc39f8]" started-at="2020-03-09T21:55:56 IST" name="closeConnections" finished-at="2020-03-09T21:55:58 IST" duration-ms="1456" status="PASS">
          <reporter-output>
          </reporter-output>
        </test-method> <!-- closeConnections -->
      </class> <!-- Framework.MavenProject.BaseTest -->
    </test> <!-- test -->
  </suite> <!-- Suite -->
</testng-results>
