<?xml version="1.0" encoding="UTF-8"?>
<testsuite xmlns:xsi="http://www.w3.org/2001/XMLSchema-instance" xsi:noNamespaceSchemaLocation="https://maven.apache.org/surefire/maven-surefire-plugin/xsd/surefire-test-report-3.0.xsd" version="3.0" name="TestSuite" time="28.165" tests="3" errors="0" skipped="0" failures="0">
  <properties>
[...]
</properties>
  <testcase name="launchURL" classname="Framework.MavenProject.BaseTest" time="15.023"/>
  <testcase name="login" classname="Framework.MavenProject.BaseTest" time="6.541"/>
  <testcase name="validateHomePageTitle" classname="Framework.MavenProject.BaseTest" time="0.01"/>
</testsuite>