<?xml version="1.0" encoding="UTF-8"?>
<testng-results ignored="0" total="3" passed="3" failed="0" skipped="0">
  <reporter-output>
  </reporter-output>
  <suite started-at="2020-03-10T00:14:56 IST" name="Default suite" finished-at="2020-03-10T00:15:23 IST" duration-ms="27179">
    <groups>
    </groups>
    <test started-at="2020-03-10T00:14:56 IST" name="Default test" finished-at="2020-03-10T00:15:23 IST" duration-ms="27179">
      <class name="Framework.MavenProject.BaseTest">
        <test-method is-config="true" signature="initializeResource()[pri:0, instance:Framework.MavenProject.BaseTest@3c947bc5]" started-at="2020-03-10T00:12:26 IST" name="initializeResource" finished-at="2020-03-10T00:14:56 IST" duration-ms="149932" status="PASS">
          <reporter-output>
          </reporter-output>
        </test-method> <!-- initializeResource -->
        <test-method signature="launchURL()[pri:0, instance:Framework.MavenProject.BaseTest@3c947bc5]" started-at="2020-03-10T00:14:56 IST" name="launchURL" finished-at="2020-03-10T00:15:17 IST" duration-ms="21660" status="PASS">
          <reporter-output>
          </reporter-output>
        </test-method> <!-- launchURL -->
        <test-method signature="login()[pri:0, instance:Framework.MavenProject.BaseTest@3c947bc5]" started-at="2020-03-10T00:15:17 IST" name="login" finished-at="2020-03-10T00:15:23 IST" depends-on-methods="Framework.MavenProject.BaseTest.launchURL" duration-ms="5455" status="PASS">
          <reporter-output>
          </reporter-output>
        </test-method> <!-- login -->
        <test-method signature="validateHomePageTitle()[pri:0, instance:Framework.MavenProject.BaseTest@3c947bc5]" started-at="2020-03-10T00:15:23 IST" name="validateHomePageTitle" finished-at="2020-03-10T00:15:23 IST" depends-on-methods="Framework.MavenProject.BaseTest.login" duration-ms="7" status="PASS">
          <reporter-output>
          </reporter-output>
        </test-method> <!-- validateHomePageTitle -->
        <test-method is-config="true" signature="closeConnections()[pri:0, instance:Framework.MavenProject.BaseTest@3c947bc5]" started-at="2020-03-10T00:15:23 IST" name="closeConnections" finished-at="2020-03-10T00:15:24 IST" duration-ms="921" status="PASS">
          <reporter-output>
          </reporter-output>
        </test-method> <!-- closeConnections -->
      </class> <!-- Framework.MavenProject.BaseTest -->
    </test> <!-- Default test -->
  </suite> <!-- Default suite -->
</testng-results>
